#-----------------------------------------------------------
# Vivado v2018.3 (64-bit)
# SW Build 2405991 on Thu Dec  6 23:38:27 MST 2018
# IP Build 2404404 on Fri Dec  7 01:43:56 MST 2018
# Start of session at: Thu Jun 23 16:54:08 2022
# Process ID: 17904
# Current directory: D:/project/20220623/IP
# Command line: vivado.exe -gui_launcher_event rodinguilauncherevent10836 D:\project\20220623\IP\edit_taiko_IP_v1_0.xpr
# Log file: D:/project/20220623/IP/vivado.log
# Journal file: D:/project/20220623/IP\vivado.jou
#-----------------------------------------------------------
start_gui
open_project D:/project/20220623/IP/edit_taiko_IP_v1_0.xpr
Scanning sources...
Finished scanning sources
INFO: [IP_Flow 19-234] Refreshing IP repositories
INFO: [IP_Flow 19-1700] Loaded user IP repository 'd:/project/20220623/IP/taiko_IP_1.0'.
INFO: [IP_Flow 19-2313] Loaded Vivado IP repository 'C:/XILINX/2018/Vivado/2018.3/data/ip'.
open_project: Time (s): cpu = 00:00:12 ; elapsed = 00:00:07 . Memory (MB): peak = 792.332 ; gain = 192.125
update_compile_order -fileset sources_1
file mkdir D:/project/20220623/IP/edit_taiko_IP_v1_0.srcs/sources_1/new
close [ open D:/project/20220623/IP/edit_taiko_IP_v1_0.srcs/sources_1/new/music.vhd w ]
add_files D:/project/20220623/IP/edit_taiko_IP_v1_0.srcs/sources_1/new/music.vhd
close [ open D:/project/20220623/IP/edit_taiko_IP_v1_0.srcs/sources_1/new/taiko.vhd w ]
add_files D:/project/20220623/IP/edit_taiko_IP_v1_0.srcs/sources_1/new/taiko.vhd
close [ open D:/project/20220623/IP/edit_taiko_IP_v1_0.srcs/sources_1/new/B_RAM.vhd w ]
add_files D:/project/20220623/IP/edit_taiko_IP_v1_0.srcs/sources_1/new/B_RAM.vhd
update_compile_order -fileset sources_1
update_compile_order -fileset sources_1
ipx::open_ipxact_file {D:\project\20220623\IP\taiko_IP_1.0\component.xml}
WARNING: [IP_Flow 19-5226] Project source file 'd:/project/20220623/IP/taiko_IP_1.0/component.xml' ignored by IP packager.
WARNING: [IP_Flow 19-3898] File Group 'xilinx_vhdlsynthesis (VHDL Synthesis)': File 'd:/project/20220623/IP/taiko_IP_1.0/hdl/taiko_IP_v1_0_S00_AXI.vhd' is not found in the project sources. It will be removed from the packaged IP when the sources are merged. If still required, please add this file to the project and re-package.
WARNING: [IP_Flow 19-3898] File Group 'xilinx_vhdlsynthesis (VHDL Synthesis)': File 'd:/project/20220623/IP/taiko_IP_1.0/hdl/taiko_IP_v1_0.vhd' is not found in the project sources. It will be removed from the packaged IP when the sources are merged. If still required, please add this file to the project and re-package.
WARNING: [IP_Flow 19-4308] Project file 'd:/project/20220623/IP/edit_taiko_IP_v1_0.srcs/sources_1/new/B_RAM.vhd' is not found in the component files. It will be added automatically when merging sources and repackaging. Please remove the file from the source project if this is not desired.
WARNING: [IP_Flow 19-4308] Project file 'd:/project/20220623/IP/edit_taiko_IP_v1_0.srcs/sources_1/new/music.vhd' is not found in the component files. It will be added automatically when merging sources and repackaging. Please remove the file from the source project if this is not desired.
WARNING: [IP_Flow 19-4308] Project file 'd:/project/20220623/IP/edit_taiko_IP_v1_0.srcs/sources_1/new/taiko.vhd' is not found in the component files. It will be added automatically when merging sources and repackaging. Please remove the file from the source project if this is not desired.
WARNING: [IP_Flow 19-3898] File Group 'xilinx_vhdlbehavioralsimulation (VHDL Simulation)': File 'd:/project/20220623/IP/taiko_IP_1.0/hdl/taiko_IP_v1_0_S00_AXI.vhd' is not found in the project sources. It will be removed from the packaged IP when the sources are merged. If still required, please add this file to the project and re-package.
WARNING: [IP_Flow 19-3898] File Group 'xilinx_vhdlbehavioralsimulation (VHDL Simulation)': File 'd:/project/20220623/IP/taiko_IP_1.0/hdl/taiko_IP_v1_0.vhd' is not found in the project sources. It will be removed from the packaged IP when the sources are merged. If still required, please add this file to the project and re-package.
WARNING: [IP_Flow 19-4308] Project file 'd:/project/20220623/IP/edit_taiko_IP_v1_0.srcs/sources_1/new/B_RAM.vhd' is not found in the component files. It will be added automatically when merging sources and repackaging. Please remove the file from the source project if this is not desired.
WARNING: [IP_Flow 19-4308] Project file 'd:/project/20220623/IP/edit_taiko_IP_v1_0.srcs/sources_1/new/music.vhd' is not found in the component files. It will be added automatically when merging sources and repackaging. Please remove the file from the source project if this is not desired.
WARNING: [IP_Flow 19-4308] Project file 'd:/project/20220623/IP/edit_taiko_IP_v1_0.srcs/sources_1/new/taiko.vhd' is not found in the component files. It will be added automatically when merging sources and repackaging. Please remove the file from the source project if this is not desired.
ipx::merge_project_changes ports [ipx::current_core]
WARNING: [IP_Flow 19-5226] Project source file 'd:/project/20220623/IP/taiko_IP_1.0/component.xml' ignored by IP packager.
INFO: [IP_Flow 19-5107] Inferred bus interface 'rst' of definition 'xilinx.com:signal:reset:1.0' (from Xilinx Repository).
INFO: [IP_Flow 19-5107] Inferred bus interface 'clk' of definition 'xilinx.com:signal:clock:1.0' (from Xilinx Repository).
INFO: [IP_Flow 19-5107] Inferred bus interface 'IRQ' of definition 'xilinx.com:signal:interrupt:1.0' (from Xilinx Repository).
INFO: [IP_Flow 19-3166] Bus Interface 'S00_AXI': References existing memory map 'S00_AXI'.
INFO: [IP_Flow 19-4728] Bus Interface 'IRQ': Added interface parameter 'SENSITIVITY' with value 'LEVEL_HIGH'.
set_property core_revision 2 [ipx::current_core]
ipx::create_xgui_files [ipx::current_core]
ipx::update_checksums [ipx::current_core]
ipx::save_core [ipx::current_core]
update_ip_catalog -rebuild -repo_path d:/project/20220623/IP/taiko_IP_1.0
INFO: [IP_Flow 19-725] Reloaded user IP repository 'd:/project/20220623/IP/taiko_IP_1.0'
ipx::merge_project_changes ports [ipx::current_core]
WARNING: [IP_Flow 19-5226] Project source file 'd:/project/20220623/IP/taiko_IP_1.0/component.xml' ignored by IP packager.
INFO: [IP_Flow 19-3166] Bus Interface 'S00_AXI': References existing memory map 'S00_AXI'.
set_property core_revision 3 [ipx::current_core]
ipx::create_xgui_files [ipx::current_core]
ipx::update_checksums [ipx::current_core]
ipx::save_core [ipx::current_core]
update_ip_catalog -rebuild -repo_path d:/project/20220623/IP/taiko_IP_1.0
INFO: [IP_Flow 19-725] Reloaded user IP repository 'd:/project/20220623/IP/taiko_IP_1.0'
ipx::merge_project_changes ports [ipx::current_core]
WARNING: [IP_Flow 19-5226] Project source file 'd:/project/20220623/IP/taiko_IP_1.0/component.xml' ignored by IP packager.
INFO: [IP_Flow 19-3166] Bus Interface 'S00_AXI': References existing memory map 'S00_AXI'.
set_property core_revision 4 [ipx::current_core]
ipx::create_xgui_files [ipx::current_core]
ipx::update_checksums [ipx::current_core]
ipx::save_core [ipx::current_core]
update_ip_catalog -rebuild -repo_path d:/project/20220623/IP/taiko_IP_1.0
INFO: [IP_Flow 19-725] Reloaded user IP repository 'd:/project/20220623/IP/taiko_IP_1.0'
set_property core_revision 5 [ipx::current_core]
ipx::create_xgui_files [ipx::current_core]
ipx::update_checksums [ipx::current_core]
ipx::save_core [ipx::current_core]
update_ip_catalog -rebuild -repo_path d:/project/20220623/IP/taiko_IP_1.0
INFO: [IP_Flow 19-725] Reloaded user IP repository 'd:/project/20220623/IP/taiko_IP_1.0'
ipx::merge_project_changes ports [ipx::current_core]
WARNING: [IP_Flow 19-5226] Project source file 'd:/project/20220623/IP/taiko_IP_1.0/component.xml' ignored by IP packager.
INFO: [IP_Flow 19-3445] Bus interface 'IRQ': Replace port-map physical named 'IRQ' by 'IRQ0'.
INFO: [IP_Flow 19-3166] Bus Interface 'S00_AXI': References existing memory map 'S00_AXI'.
set_property core_revision 6 [ipx::current_core]
ipx::create_xgui_files [ipx::current_core]
ipx::update_checksums [ipx::current_core]
ipx::save_core [ipx::current_core]
update_ip_catalog -rebuild -repo_path d:/project/20220623/IP/taiko_IP_1.0
INFO: [IP_Flow 19-725] Reloaded user IP repository 'd:/project/20220623/IP/taiko_IP_1.0'
set_property core_revision 7 [ipx::current_core]
ipx::create_xgui_files [ipx::current_core]
ipx::update_checksums [ipx::current_core]
ipx::save_core [ipx::current_core]
update_ip_catalog -rebuild -repo_path d:/project/20220623/IP/taiko_IP_1.0
INFO: [IP_Flow 19-725] Reloaded user IP repository 'd:/project/20220623/IP/taiko_IP_1.0'
set_property core_revision 8 [ipx::current_core]
ipx::create_xgui_files [ipx::current_core]
ipx::update_checksums [ipx::current_core]
ipx::save_core [ipx::current_core]
update_ip_catalog -rebuild -repo_path d:/project/20220623/IP/taiko_IP_1.0
INFO: [IP_Flow 19-725] Reloaded user IP repository 'd:/project/20220623/IP/taiko_IP_1.0'
set_property core_revision 9 [ipx::current_core]
ipx::create_xgui_files [ipx::current_core]
ipx::update_checksums [ipx::current_core]
ipx::save_core [ipx::current_core]
update_ip_catalog -rebuild -repo_path d:/project/20220623/IP/taiko_IP_1.0
INFO: [IP_Flow 19-725] Reloaded user IP repository 'd:/project/20220623/IP/taiko_IP_1.0'
set_property core_revision 10 [ipx::current_core]
ipx::create_xgui_files [ipx::current_core]
ipx::update_checksums [ipx::current_core]
ipx::save_core [ipx::current_core]
update_ip_catalog -rebuild -repo_path d:/project/20220623/IP/taiko_IP_1.0
INFO: [IP_Flow 19-725] Reloaded user IP repository 'd:/project/20220623/IP/taiko_IP_1.0'
